<?xml version="1.0" encoding="UTF-8"?>
<!-- Generated by org.testng.reporters.JUnitXMLReporter -->
<testsuite ignored="0" hostname="DESKTOP-R8LNRUV" failures="12" tests="29" name="Test" time="25.175" errors="0" timestamp="2022-10-19T23:36:44 MYT">
  <testcase classname="testCases.UpdateTaskContent_SCN04" name="verfy_header_connection" time="0.02">
    <failure type="java.lang.NullPointerException" message="Cannot invoke &amp;quot;io.restassured.response.Response.header(String)&amp;quot; because &amp;quot;testCases.UpdateTaskContent_SCN04.response&amp;quot; is null">
      <![CDATA[java.lang.NullPointerException: Cannot invoke "io.restassured.response.Response.header(String)" because "testCases.UpdateTaskContent_SCN04.response" is null
at testCases.UpdateTaskContent_SCN04.verfy_header_connection(UpdateTaskContent_SCN04.java:80)
at java.base/java.util.concurrent.ThreadPoolExecutor.runWorker(ThreadPoolExecutor.java:1136)
at java.base/java.util.concurrent.ThreadPoolExecutor$Worker.run(ThreadPoolExecutor.java:635)
at java.base/java.lang.Thread.run(Thread.java:833)
... Removed 10 stack frames]]>
    </failure>
  </testcase> <!-- verfy_header_connection -->
  <testcase classname="testCases.CreateNewTask_SCN03" name="verfy_header_connection" time="0.02">
    <failure type="java.lang.NullPointerException" message="Cannot invoke &amp;quot;io.restassured.response.Response.header(String)&amp;quot; because &amp;quot;testCases.CreateNewTask_SCN03.response&amp;quot; is null">
      <![CDATA[java.lang.NullPointerException: Cannot invoke "io.restassured.response.Response.header(String)" because "testCases.CreateNewTask_SCN03.response" is null
at testCases.CreateNewTask_SCN03.verfy_header_connection(CreateNewTask_SCN03.java:95)
at java.base/java.util.concurrent.ThreadPoolExecutor.runWorker(ThreadPoolExecutor.java:1136)
at java.base/java.util.concurrent.ThreadPoolExecutor$Worker.run(ThreadPoolExecutor.java:635)
at java.base/java.lang.Thread.run(Thread.java:833)
... Removed 10 stack frames]]>
    </failure>
  </testcase> <!-- verfy_header_connection -->
  <testcase classname="testCases.CreateNewProject_SCN02" name="verfy_header_connection" time="0.02">
    <failure type="java.lang.NullPointerException" message="Cannot invoke &amp;quot;io.restassured.response.Response.header(String)&amp;quot; because &amp;quot;testCases.CreateNewProject_SCN02.response&amp;quot; is null">
      <![CDATA[java.lang.NullPointerException: Cannot invoke "io.restassured.response.Response.header(String)" because "testCases.CreateNewProject_SCN02.response" is null
at testCases.CreateNewProject_SCN02.verfy_header_connection(CreateNewProject_SCN02.java:87)
at java.base/java.util.concurrent.ThreadPoolExecutor.runWorker(ThreadPoolExecutor.java:1136)
at java.base/java.util.concurrent.ThreadPoolExecutor$Worker.run(ThreadPoolExecutor.java:635)
at java.base/java.lang.Thread.run(Thread.java:833)
... Removed 10 stack frames]]>
    </failure>
  </testcase> <!-- verfy_header_connection -->
  <testcase classname="testCases.CreateNewProject_SCN02" name="verfy_header_content_type" time="0.002">
    <failure type="java.lang.NullPointerException" message="Cannot invoke &amp;quot;io.restassured.response.Response.header(String)&amp;quot; because &amp;quot;testCases.CreateNewProject_SCN02.response&amp;quot; is null">
      <![CDATA[java.lang.NullPointerException: Cannot invoke "io.restassured.response.Response.header(String)" because "testCases.CreateNewProject_SCN02.response" is null
at testCases.CreateNewProject_SCN02.verfy_header_content_type(CreateNewProject_SCN02.java:94)
at java.base/java.util.concurrent.ThreadPoolExecutor.runWorker(ThreadPoolExecutor.java:1136)
at java.base/java.util.concurrent.ThreadPoolExecutor$Worker.run(ThreadPoolExecutor.java:635)
at java.base/java.lang.Thread.run(Thread.java:833)
... Removed 10 stack frames]]>
    </failure>
  </testcase> <!-- verfy_header_content_type -->
  <testcase classname="testCases.UpdateTaskContent_SCN04" name="verfy_header_content_type" time="0.003">
    <failure type="java.lang.NullPointerException" message="Cannot invoke &amp;quot;io.restassured.response.Response.header(String)&amp;quot; because &amp;quot;testCases.UpdateTaskContent_SCN04.response&amp;quot; is null">
      <![CDATA[java.lang.NullPointerException: Cannot invoke "io.restassured.response.Response.header(String)" because "testCases.UpdateTaskContent_SCN04.response" is null
at testCases.UpdateTaskContent_SCN04.verfy_header_content_type(UpdateTaskContent_SCN04.java:87)
at java.base/java.util.concurrent.ThreadPoolExecutor.runWorker(ThreadPoolExecutor.java:1136)
at java.base/java.util.concurrent.ThreadPoolExecutor$Worker.run(ThreadPoolExecutor.java:635)
at java.base/java.lang.Thread.run(Thread.java:833)
... Removed 10 stack frames]]>
    </failure>
  </testcase> <!-- verfy_header_content_type -->
  <testcase classname="testCases.CreateNewTask_SCN03" name="verfy_header_content_type" time="0.004">
    <failure type="java.lang.NullPointerException" message="Cannot invoke &amp;quot;io.restassured.response.Response.header(String)&amp;quot; because &amp;quot;testCases.CreateNewTask_SCN03.response&amp;quot; is null">
      <![CDATA[java.lang.NullPointerException: Cannot invoke "io.restassured.response.Response.header(String)" because "testCases.CreateNewTask_SCN03.response" is null
at testCases.CreateNewTask_SCN03.verfy_header_content_type(CreateNewTask_SCN03.java:102)
at java.base/java.util.concurrent.ThreadPoolExecutor.runWorker(ThreadPoolExecutor.java:1136)
at java.base/java.util.concurrent.ThreadPoolExecutor$Worker.run(ThreadPoolExecutor.java:635)
at java.base/java.lang.Thread.run(Thread.java:833)
... Removed 10 stack frames]]>
    </failure>
  </testcase> <!-- verfy_header_content_type -->
  <testcase classname="testCases.UpdateTaskContent_SCN04" name="verify_status_code" time="0.001">
    <failure type="java.lang.NullPointerException" message="Cannot invoke &amp;quot;io.restassured.response.Response.getStatusCode()&amp;quot; because &amp;quot;testCases.UpdateTaskContent_SCN04.response&amp;quot; is null">
      <![CDATA[java.lang.NullPointerException: Cannot invoke "io.restassured.response.Response.getStatusCode()" because "testCases.UpdateTaskContent_SCN04.response" is null
at testCases.UpdateTaskContent_SCN04.verify_status_code(UpdateTaskContent_SCN04.java:68)
at java.base/java.util.concurrent.ThreadPoolExecutor.runWorker(ThreadPoolExecutor.java:1136)
at java.base/java.util.concurrent.ThreadPoolExecutor$Worker.run(ThreadPoolExecutor.java:635)
at java.base/java.lang.Thread.run(Thread.java:833)
... Removed 10 stack frames]]>
    </failure>
  </testcase> <!-- verify_status_code -->
  <testcase classname="testCases.CreateNewProject_SCN02" name="verify_created_project_name" time="0.005">
    <failure type="java.lang.NullPointerException" message="Cannot invoke &amp;quot;io.restassured.response.Response.jsonPath()&amp;quot; because &amp;quot;testCases.CreateNewProject_SCN02.response&amp;quot; is null">
      <![CDATA[java.lang.NullPointerException: Cannot invoke "io.restassured.response.Response.jsonPath()" because "testCases.CreateNewProject_SCN02.response" is null
at testCases.CreateNewProject_SCN02.verify_created_project_name(CreateNewProject_SCN02.java:81)
at java.base/java.util.concurrent.ThreadPoolExecutor.runWorker(ThreadPoolExecutor.java:1136)
at java.base/java.util.concurrent.ThreadPoolExecutor$Worker.run(ThreadPoolExecutor.java:635)
at java.base/java.lang.Thread.run(Thread.java:833)
... Removed 10 stack frames]]>
    </failure>
  </testcase> <!-- verify_created_project_name -->
  <testcase classname="testCases.CreateNewTask_SCN03" name="verify_created_task_name" time="0.004">
    <failure type="java.lang.NullPointerException" message="Cannot invoke &amp;quot;io.restassured.response.Response.jsonPath()&amp;quot; because &amp;quot;testCases.CreateNewTask_SCN03.response&amp;quot; is null">
      <![CDATA[java.lang.NullPointerException: Cannot invoke "io.restassured.response.Response.jsonPath()" because "testCases.CreateNewTask_SCN03.response" is null
at testCases.CreateNewTask_SCN03.verify_created_task_name(CreateNewTask_SCN03.java:82)
at java.base/java.util.concurrent.ThreadPoolExecutor.runWorker(ThreadPoolExecutor.java:1136)
at java.base/java.util.concurrent.ThreadPoolExecutor$Worker.run(ThreadPoolExecutor.java:635)
at java.base/java.lang.Thread.run(Thread.java:833)
... Removed 10 stack frames]]>
    </failure>
  </testcase> <!-- verify_created_task_name -->
  <testcase classname="testCases.CreateNewTask_SCN03" name="verify_project_id_for_task" time="0.001">
    <failure type="java.lang.NullPointerException" message="Cannot invoke &amp;quot;io.restassured.response.Response.jsonPath()&amp;quot; because &amp;quot;testCases.CreateNewTask_SCN03.response&amp;quot; is null">
      <![CDATA[java.lang.NullPointerException: Cannot invoke "io.restassured.response.Response.jsonPath()" because "testCases.CreateNewTask_SCN03.response" is null
at testCases.CreateNewTask_SCN03.verify_project_id_for_task(CreateNewTask_SCN03.java:88)
at java.base/java.util.concurrent.ThreadPoolExecutor.runWorker(ThreadPoolExecutor.java:1136)
at java.base/java.util.concurrent.ThreadPoolExecutor$Worker.run(ThreadPoolExecutor.java:635)
at java.base/java.lang.Thread.run(Thread.java:833)
... Removed 10 stack frames]]>
    </failure>
  </testcase> <!-- verify_project_id_for_task -->
  <testcase classname="testCases.CreateNewProject_SCN02" name="verify_status_code" time="0.003">
    <failure type="java.lang.NullPointerException" message="Cannot invoke &amp;quot;io.restassured.response.Response.getStatusCode()&amp;quot; because &amp;quot;testCases.CreateNewProject_SCN02.response&amp;quot; is null">
      <![CDATA[java.lang.NullPointerException: Cannot invoke "io.restassured.response.Response.getStatusCode()" because "testCases.CreateNewProject_SCN02.response" is null
at testCases.CreateNewProject_SCN02.verify_status_code(CreateNewProject_SCN02.java:69)
at java.base/java.util.concurrent.ThreadPoolExecutor.runWorker(ThreadPoolExecutor.java:1136)
at java.base/java.util.concurrent.ThreadPoolExecutor$Worker.run(ThreadPoolExecutor.java:635)
at java.base/java.lang.Thread.run(Thread.java:833)
... Removed 10 stack frames]]>
    </failure>
  </testcase> <!-- verify_status_code -->
  <testcase classname="testCases.CreateNewTask_SCN03" name="verify_status_code" time="0.002">
    <failure type="java.lang.NullPointerException" message="Cannot invoke &amp;quot;io.restassured.response.Response.getStatusCode()&amp;quot; because &amp;quot;testCases.CreateNewTask_SCN03.response&amp;quot; is null">
      <![CDATA[java.lang.NullPointerException: Cannot invoke "io.restassured.response.Response.getStatusCode()" because "testCases.CreateNewTask_SCN03.response" is null
at testCases.CreateNewTask_SCN03.verify_status_code(CreateNewTask_SCN03.java:70)
at java.base/java.util.concurrent.ThreadPoolExecutor.runWorker(ThreadPoolExecutor.java:1136)
at java.base/java.util.concurrent.ThreadPoolExecutor$Worker.run(ThreadPoolExecutor.java:635)
at java.base/java.lang.Thread.run(Thread.java:833)
... Removed 10 stack frames]]>
    </failure>
  </testcase> <!-- verify_status_code -->
  <testcase classname="testCases.CreateNewTask_SCN03" name="createNewTask_verify_response_not_null" time="6.981"/>
  <testcase classname="testCases.CreateNewProject_SCN02" name="createNewProject_Verify_response_not_null" time="6.977"/>
  <testcase classname="testCases.UpdateTaskContent_SCN04" name="updateTaskContent_verify_response_not_null" time="6.98"/>
  <testcase classname="testCases.GetProjects_SCN01" name="check_header_content_type" time="0.003"/>
  <testcase classname="testCases.GetProjects_SCN01" name="check_response_body" time="0.022"/>
  <testcase classname="testCases.GetProjects_SCN01" name="check_response_time" time="0.003"/>
  <testcase classname="testCases.GetProjects_SCN01" name="check_status_code" time="0.0"/>
  <testcase classname="testCases.GetProjects_SCN01" name="check_status_line" time="0.001"/>
  <testcase classname="testCases.CreateNewProject_SCN02" name="createNewProject_Verify_response_not_null" time="6.034"/>
  <testcase classname="testCases.CreateNewTask_SCN03" name="createNewTask_verify_response_not_null" time="6.084"/>
  <testcase classname="testCases.UpdateTaskContent_SCN04" name="updateTaskContent_verify_response_not_null" time="7.342"/>
  <testcase classname="testCases.CreateNewTask_SCN03" name="createNewTask_verify_response_not_null" time="5.367"/>
  <testcase classname="testCases.CreateNewProject_SCN02" name="createNewProject_Verify_response_not_null" time="5.897"/>
  <testcase classname="testCases.UpdateTaskContent_SCN04" name="updateTaskContent_verify_response_not_null" time="4.914"/>
  <testcase classname="testCases.CreateNewTask_SCN03" name="createNewTask_verify_response_not_null" time="5.092"/>
  <testcase classname="testCases.UpdateTaskContent_SCN04" name="updateTaskContent_verify_response_not_null" time="4.873"/>
  <testcase classname="testCases.CreateNewProject_SCN02" name="createNewProject_Verify_response_not_null" time="5.39"/>
</testsuite> <!-- Test -->
