<?xml version="1.0" encoding="UTF-8"?>
<!-- Generated by org.testng.reporters.JUnitXMLReporter -->
<testsuite hostname="DESKTOP-R8LNRUV" ignored="0" name="Test" tests="29" failures="11" timestamp="2022-10-20T00:54:34 SGT" time="24.153" errors="0">
  <testcase name="verfy_header_connection" time="0.009" classname="testCases.CreateNewProject_SCN02">
    <failure type="java.lang.NullPointerException">
      <![CDATA[java.lang.NullPointerException
at testCases.CreateNewProject_SCN02.verfy_header_connection(CreateNewProject_SCN02.java:87)
at java.util.concurrent.ThreadPoolExecutor.runWorker(ThreadPoolExecutor.java:1149)
at java.util.concurrent.ThreadPoolExecutor$Worker.run(ThreadPoolExecutor.java:624)
at java.lang.Thread.run(Thread.java:748)
... Removed 12 stack frames]]>
    </failure>
  </testcase> <!-- verfy_header_connection -->
  <testcase name="verfy_header_connection" time="0.009" classname="testCases.UpdateTaskContent_SCN04">
    <failure type="java.lang.NullPointerException">
      <![CDATA[java.lang.NullPointerException
at testCases.UpdateTaskContent_SCN04.verfy_header_connection(UpdateTaskContent_SCN04.java:80)
at java.util.concurrent.ThreadPoolExecutor.runWorker(ThreadPoolExecutor.java:1149)
at java.util.concurrent.ThreadPoolExecutor$Worker.run(ThreadPoolExecutor.java:624)
at java.lang.Thread.run(Thread.java:748)
... Removed 12 stack frames]]>
    </failure>
  </testcase> <!-- verfy_header_connection -->
  <testcase name="verfy_header_connection" time="0.009" classname="testCases.CreateNewTask_SCN03">
    <failure type="java.lang.NullPointerException">
      <![CDATA[java.lang.NullPointerException
at testCases.CreateNewTask_SCN03.verfy_header_connection(CreateNewTask_SCN03.java:95)
at java.util.concurrent.ThreadPoolExecutor.runWorker(ThreadPoolExecutor.java:1149)
at java.util.concurrent.ThreadPoolExecutor$Worker.run(ThreadPoolExecutor.java:624)
at java.lang.Thread.run(Thread.java:748)
... Removed 12 stack frames]]>
    </failure>
  </testcase> <!-- verfy_header_connection -->
  <testcase name="verfy_header_content_type" time="0.0" classname="testCases.CreateNewProject_SCN02">
    <failure type="java.lang.NullPointerException">
      <![CDATA[java.lang.NullPointerException
at testCases.CreateNewProject_SCN02.verfy_header_content_type(CreateNewProject_SCN02.java:94)
at java.util.concurrent.ThreadPoolExecutor.runWorker(ThreadPoolExecutor.java:1149)
at java.util.concurrent.ThreadPoolExecutor$Worker.run(ThreadPoolExecutor.java:624)
at java.lang.Thread.run(Thread.java:748)
... Removed 12 stack frames]]>
    </failure>
  </testcase> <!-- verfy_header_content_type -->
  <testcase name="verfy_header_content_type" time="0.001" classname="testCases.UpdateTaskContent_SCN04">
    <failure type="java.lang.NullPointerException">
      <![CDATA[java.lang.NullPointerException
at testCases.UpdateTaskContent_SCN04.verfy_header_content_type(UpdateTaskContent_SCN04.java:87)
at java.util.concurrent.ThreadPoolExecutor.runWorker(ThreadPoolExecutor.java:1149)
at java.util.concurrent.ThreadPoolExecutor$Worker.run(ThreadPoolExecutor.java:624)
at java.lang.Thread.run(Thread.java:748)
... Removed 12 stack frames]]>
    </failure>
  </testcase> <!-- verfy_header_content_type -->
  <testcase name="verfy_header_content_type" time="0.001" classname="testCases.CreateNewTask_SCN03">
    <failure type="java.lang.NullPointerException">
      <![CDATA[java.lang.NullPointerException
at testCases.CreateNewTask_SCN03.verfy_header_content_type(CreateNewTask_SCN03.java:102)
at java.util.concurrent.ThreadPoolExecutor.runWorker(ThreadPoolExecutor.java:1149)
at java.util.concurrent.ThreadPoolExecutor$Worker.run(ThreadPoolExecutor.java:624)
at java.lang.Thread.run(Thread.java:748)
... Removed 12 stack frames]]>
    </failure>
  </testcase> <!-- verfy_header_content_type -->
  <testcase name="verify_created_project_name" time="0.0" classname="testCases.CreateNewProject_SCN02">
    <failure type="java.lang.NullPointerException">
      <![CDATA[java.lang.NullPointerException
at testCases.CreateNewProject_SCN02.verify_created_project_name(CreateNewProject_SCN02.java:81)
at java.util.concurrent.ThreadPoolExecutor.runWorker(ThreadPoolExecutor.java:1149)
at java.util.concurrent.ThreadPoolExecutor$Worker.run(ThreadPoolExecutor.java:624)
at java.lang.Thread.run(Thread.java:748)
... Removed 12 stack frames]]>
    </failure>
  </testcase> <!-- verify_created_project_name -->
  <testcase name="verify_created_task_name" time="0.0" classname="testCases.CreateNewTask_SCN03">
    <failure type="java.lang.NullPointerException">
      <![CDATA[java.lang.NullPointerException
at testCases.CreateNewTask_SCN03.verify_created_task_name(CreateNewTask_SCN03.java:82)
at java.util.concurrent.ThreadPoolExecutor.runWorker(ThreadPoolExecutor.java:1149)
at java.util.concurrent.ThreadPoolExecutor$Worker.run(ThreadPoolExecutor.java:624)
at java.lang.Thread.run(Thread.java:748)
... Removed 12 stack frames]]>
    </failure>
  </testcase> <!-- verify_created_task_name -->
  <testcase name="verify_project_id_for_task" time="0.0" classname="testCases.CreateNewTask_SCN03">
    <failure type="java.lang.NullPointerException">
      <![CDATA[java.lang.NullPointerException
at testCases.CreateNewTask_SCN03.verify_project_id_for_task(CreateNewTask_SCN03.java:88)
at java.util.concurrent.ThreadPoolExecutor.runWorker(ThreadPoolExecutor.java:1149)
at java.util.concurrent.ThreadPoolExecutor$Worker.run(ThreadPoolExecutor.java:624)
at java.lang.Thread.run(Thread.java:748)
... Removed 12 stack frames]]>
    </failure>
  </testcase> <!-- verify_project_id_for_task -->
  <testcase name="verify_status_code" time="0.0" classname="testCases.UpdateTaskContent_SCN04">
    <failure type="java.lang.NullPointerException">
      <![CDATA[java.lang.NullPointerException
at testCases.UpdateTaskContent_SCN04.verify_status_code(UpdateTaskContent_SCN04.java:68)
at java.util.concurrent.ThreadPoolExecutor.runWorker(ThreadPoolExecutor.java:1149)
at java.util.concurrent.ThreadPoolExecutor$Worker.run(ThreadPoolExecutor.java:624)
at java.lang.Thread.run(Thread.java:748)
... Removed 12 stack frames]]>
    </failure>
  </testcase> <!-- verify_status_code -->
  <testcase name="verify_status_code" time="0.001" classname="testCases.CreateNewProject_SCN02">
    <failure type="java.lang.NullPointerException">
      <![CDATA[java.lang.NullPointerException
at testCases.CreateNewProject_SCN02.verify_status_code(CreateNewProject_SCN02.java:69)
at java.util.concurrent.ThreadPoolExecutor.runWorker(ThreadPoolExecutor.java:1149)
at java.util.concurrent.ThreadPoolExecutor$Worker.run(ThreadPoolExecutor.java:624)
at java.lang.Thread.run(Thread.java:748)
... Removed 12 stack frames]]>
    </failure>
  </testcase> <!-- verify_status_code -->
  <testcase name="verify_status_code" time="0.0" classname="testCases.CreateNewTask_SCN03">
    <failure type="java.lang.NullPointerException">
      <![CDATA[java.lang.NullPointerException
at testCases.CreateNewTask_SCN03.verify_status_code(CreateNewTask_SCN03.java:70)
at java.util.concurrent.ThreadPoolExecutor.runWorker(ThreadPoolExecutor.java:1149)
at java.util.concurrent.ThreadPoolExecutor$Worker.run(ThreadPoolExecutor.java:624)
at java.lang.Thread.run(Thread.java:748)
... Removed 12 stack frames]]>
    </failure>
  </testcase> <!-- verify_status_code -->
  <testcase name="check_header_content_type" time="0.003" classname="testCases.GetProjects_SCN01"/>
  <testcase name="check_response_body" time="0.01" classname="testCases.GetProjects_SCN01"/>
  <testcase name="check_response_time" time="0.001" classname="testCases.GetProjects_SCN01"/>
  <testcase name="check_status_code" time="0.001" classname="testCases.GetProjects_SCN01"/>
  <testcase name="check_status_line" time="0.0" classname="testCases.GetProjects_SCN01"/>
  <testcase name="createNewProject_Verify_response_not_null" time="7.606" classname="testCases.CreateNewProject_SCN02"/>
  <testcase name="createNewTask_verify_response_not_null" time="7.606" classname="testCases.CreateNewTask_SCN03"/>
  <testcase name="updateTaskContent_verify_response_not_null" time="7.906" classname="testCases.UpdateTaskContent_SCN04"/>
  <testcase name="createNewTask_verify_response_not_null" time="4.894" classname="testCases.CreateNewTask_SCN03"/>
  <testcase name="updateTaskContent_verify_response_not_null" time="4.894" classname="testCases.UpdateTaskContent_SCN04"/>
  <testcase name="createNewProject_Verify_response_not_null" time="5.908" classname="testCases.CreateNewProject_SCN02"/>
  <testcase name="createNewTask_verify_response_not_null" time="5.081" classname="testCases.CreateNewTask_SCN03"/>
  <testcase name="updateTaskContent_verify_response_not_null" time="4.894" classname="testCases.UpdateTaskContent_SCN04"/>
  <testcase name="createNewProject_Verify_response_not_null" time="4.984" classname="testCases.CreateNewProject_SCN02"/>
  <testcase name="updateTaskContent_verify_response_not_null" time="4.438" classname="testCases.UpdateTaskContent_SCN04"/>
  <testcase name="createNewTask_verify_response_not_null" time="4.895" classname="testCases.CreateNewTask_SCN03"/>
  <testcase name="createNewProject_Verify_response_not_null" time="4.607" classname="testCases.CreateNewProject_SCN02"/>
</testsuite> <!-- Test -->
