<?xml version="1.0" encoding="UTF-8"?>
<testng-results skipped="0" failed="12" ignored="0" total="29" passed="17">
  <reporter-output>
  </reporter-output>
  <suite name="Suite" duration-ms="24989" started-at="2022-10-20T00:46:07 SGT" finished-at="2022-10-20T00:46:32 SGT">
    <groups>
    </groups>
    <test name="Test" duration-ms="24989" started-at="2022-10-20T00:46:07 SGT" finished-at="2022-10-20T00:46:32 SGT">
      <class name="testCases.CreateNewTask_SCN03">
        <test-method status="PASS" signature="set_up()[pri:0, instance:testCases.CreateNewTask_SCN03@2cf3d63b]" name="set_up" is-config="true" duration-ms="575" started-at="2022-10-20T00:46:07 SGT" finished-at="2022-10-20T00:46:08 SGT">
          <reporter-output>
          </reporter-output>
        </test-method> <!-- set_up -->
        <test-method status="PASS" signature="setup()[pri:0, instance:testCases.CreateNewTask_SCN03@2cf3d63b]" name="setup" is-config="true" duration-ms="3" started-at="2022-10-20T00:46:08 SGT" finished-at="2022-10-20T00:46:08 SGT">
          <reporter-output>
          </reporter-output>
        </test-method> <!-- setup -->
        <test-method status="FAIL" signature="verfy_header_connection()[pri:0, instance:testCases.CreateNewTask_SCN03@2cf3d63b]" name="verfy_header_connection" duration-ms="11" started-at="2022-10-20T00:46:08 SGT" finished-at="2022-10-20T00:46:08 SGT">
          <exception class="java.lang.NullPointerException">
            <full-stacktrace>
              <![CDATA[java.lang.NullPointerException
at testCases.CreateNewTask_SCN03.verfy_header_connection(CreateNewTask_SCN03.java:95)
at sun.reflect.NativeMethodAccessorImpl.invoke0(Native Method)
at sun.reflect.NativeMethodAccessorImpl.invoke(NativeMethodAccessorImpl.java:62)
at sun.reflect.DelegatingMethodAccessorImpl.invoke(DelegatingMethodAccessorImpl.java:43)
at java.lang.reflect.Method.invoke(Method.java:498)
at org.testng.internal.MethodInvocationHelper.invokeMethod(MethodInvocationHelper.java:134)
at org.testng.internal.TestInvoker.invokeMethod(TestInvoker.java:597)
at org.testng.internal.TestInvoker.invokeTestMethod(TestInvoker.java:173)
at org.testng.internal.MethodRunner.runInSequence(MethodRunner.java:46)
at org.testng.internal.TestInvoker$MethodInvocationAgent.invoke(TestInvoker.java:816)
at org.testng.internal.TestInvoker.invokeTestMethods(TestInvoker.java:146)
at org.testng.internal.TestMethodWorker.invokeTestMethods(TestMethodWorker.java:146)
at org.testng.internal.TestMethodWorker.run(TestMethodWorker.java:128)
at java.util.concurrent.ThreadPoolExecutor.runWorker(ThreadPoolExecutor.java:1149)
at java.util.concurrent.ThreadPoolExecutor$Worker.run(ThreadPoolExecutor.java:624)
at java.lang.Thread.run(Thread.java:748)
]]>
            </full-stacktrace>
          </exception> <!-- java.lang.NullPointerException -->
          <reporter-output>
          </reporter-output>
        </test-method> <!-- verfy_header_connection -->
        <test-method status="FAIL" signature="verfy_header_content_type()[pri:0, instance:testCases.CreateNewTask_SCN03@2cf3d63b]" name="verfy_header_content_type" duration-ms="0" started-at="2022-10-20T00:46:08 SGT" finished-at="2022-10-20T00:46:08 SGT">
          <exception class="java.lang.NullPointerException">
            <full-stacktrace>
              <![CDATA[java.lang.NullPointerException
at testCases.CreateNewTask_SCN03.verfy_header_content_type(CreateNewTask_SCN03.java:102)
at sun.reflect.NativeMethodAccessorImpl.invoke0(Native Method)
at sun.reflect.NativeMethodAccessorImpl.invoke(NativeMethodAccessorImpl.java:62)
at sun.reflect.DelegatingMethodAccessorImpl.invoke(DelegatingMethodAccessorImpl.java:43)
at java.lang.reflect.Method.invoke(Method.java:498)
at org.testng.internal.MethodInvocationHelper.invokeMethod(MethodInvocationHelper.java:134)
at org.testng.internal.TestInvoker.invokeMethod(TestInvoker.java:597)
at org.testng.internal.TestInvoker.invokeTestMethod(TestInvoker.java:173)
at org.testng.internal.MethodRunner.runInSequence(MethodRunner.java:46)
at org.testng.internal.TestInvoker$MethodInvocationAgent.invoke(TestInvoker.java:816)
at org.testng.internal.TestInvoker.invokeTestMethods(TestInvoker.java:146)
at org.testng.internal.TestMethodWorker.invokeTestMethods(TestMethodWorker.java:146)
at org.testng.internal.TestMethodWorker.run(TestMethodWorker.java:128)
at java.util.concurrent.ThreadPoolExecutor.runWorker(ThreadPoolExecutor.java:1149)
at java.util.concurrent.ThreadPoolExecutor$Worker.run(ThreadPoolExecutor.java:624)
at java.lang.Thread.run(Thread.java:748)
]]>
            </full-stacktrace>
          </exception> <!-- java.lang.NullPointerException -->
          <reporter-output>
          </reporter-output>
        </test-method> <!-- verfy_header_content_type -->
        <test-method status="FAIL" signature="verify_created_task_name()[pri:0, instance:testCases.CreateNewTask_SCN03@2cf3d63b]" name="verify_created_task_name" duration-ms="0" started-at="2022-10-20T00:46:08 SGT" finished-at="2022-10-20T00:46:08 SGT">
          <exception class="java.lang.NullPointerException">
            <full-stacktrace>
              <![CDATA[java.lang.NullPointerException
at testCases.CreateNewTask_SCN03.verify_created_task_name(CreateNewTask_SCN03.java:82)
at sun.reflect.NativeMethodAccessorImpl.invoke0(Native Method)
at sun.reflect.NativeMethodAccessorImpl.invoke(NativeMethodAccessorImpl.java:62)
at sun.reflect.DelegatingMethodAccessorImpl.invoke(DelegatingMethodAccessorImpl.java:43)
at java.lang.reflect.Method.invoke(Method.java:498)
at org.testng.internal.MethodInvocationHelper.invokeMethod(MethodInvocationHelper.java:134)
at org.testng.internal.TestInvoker.invokeMethod(TestInvoker.java:597)
at org.testng.internal.TestInvoker.invokeTestMethod(TestInvoker.java:173)
at org.testng.internal.MethodRunner.runInSequence(MethodRunner.java:46)
at org.testng.internal.TestInvoker$MethodInvocationAgent.invoke(TestInvoker.java:816)
at org.testng.internal.TestInvoker.invokeTestMethods(TestInvoker.java:146)
at org.testng.internal.TestMethodWorker.invokeTestMethods(TestMethodWorker.java:146)
at org.testng.internal.TestMethodWorker.run(TestMethodWorker.java:128)
at java.util.concurrent.ThreadPoolExecutor.runWorker(ThreadPoolExecutor.java:1149)
at java.util.concurrent.ThreadPoolExecutor$Worker.run(ThreadPoolExecutor.java:624)
at java.lang.Thread.run(Thread.java:748)
]]>
            </full-stacktrace>
          </exception> <!-- java.lang.NullPointerException -->
          <reporter-output>
          </reporter-output>
        </test-method> <!-- verify_created_task_name -->
        <test-method status="FAIL" signature="verify_project_id_for_task()[pri:0, instance:testCases.CreateNewTask_SCN03@2cf3d63b]" name="verify_project_id_for_task" duration-ms="0" started-at="2022-10-20T00:46:08 SGT" finished-at="2022-10-20T00:46:08 SGT">
          <exception class="java.lang.NullPointerException">
            <full-stacktrace>
              <![CDATA[java.lang.NullPointerException
at testCases.CreateNewTask_SCN03.verify_project_id_for_task(CreateNewTask_SCN03.java:88)
at sun.reflect.NativeMethodAccessorImpl.invoke0(Native Method)
at sun.reflect.NativeMethodAccessorImpl.invoke(NativeMethodAccessorImpl.java:62)
at sun.reflect.DelegatingMethodAccessorImpl.invoke(DelegatingMethodAccessorImpl.java:43)
at java.lang.reflect.Method.invoke(Method.java:498)
at org.testng.internal.MethodInvocationHelper.invokeMethod(MethodInvocationHelper.java:134)
at org.testng.internal.TestInvoker.invokeMethod(TestInvoker.java:597)
at org.testng.internal.TestInvoker.invokeTestMethod(TestInvoker.java:173)
at org.testng.internal.MethodRunner.runInSequence(MethodRunner.java:46)
at org.testng.internal.TestInvoker$MethodInvocationAgent.invoke(TestInvoker.java:816)
at org.testng.internal.TestInvoker.invokeTestMethods(TestInvoker.java:146)
at org.testng.internal.TestMethodWorker.invokeTestMethods(TestMethodWorker.java:146)
at org.testng.internal.TestMethodWorker.run(TestMethodWorker.java:128)
at java.util.concurrent.ThreadPoolExecutor.runWorker(ThreadPoolExecutor.java:1149)
at java.util.concurrent.ThreadPoolExecutor$Worker.run(ThreadPoolExecutor.java:624)
at java.lang.Thread.run(Thread.java:748)
]]>
            </full-stacktrace>
          </exception> <!-- java.lang.NullPointerException -->
          <reporter-output>
          </reporter-output>
        </test-method> <!-- verify_project_id_for_task -->
        <test-method status="FAIL" signature="verify_status_code()[pri:0, instance:testCases.CreateNewTask_SCN03@2cf3d63b]" name="verify_status_code" duration-ms="1" started-at="2022-10-20T00:46:08 SGT" finished-at="2022-10-20T00:46:08 SGT">
          <exception class="java.lang.NullPointerException">
            <full-stacktrace>
              <![CDATA[java.lang.NullPointerException
at testCases.CreateNewTask_SCN03.verify_status_code(CreateNewTask_SCN03.java:70)
at sun.reflect.NativeMethodAccessorImpl.invoke0(Native Method)
at sun.reflect.NativeMethodAccessorImpl.invoke(NativeMethodAccessorImpl.java:62)
at sun.reflect.DelegatingMethodAccessorImpl.invoke(DelegatingMethodAccessorImpl.java:43)
at java.lang.reflect.Method.invoke(Method.java:498)
at org.testng.internal.MethodInvocationHelper.invokeMethod(MethodInvocationHelper.java:134)
at org.testng.internal.TestInvoker.invokeMethod(TestInvoker.java:597)
at org.testng.internal.TestInvoker.invokeTestMethod(TestInvoker.java:173)
at org.testng.internal.MethodRunner.runInSequence(MethodRunner.java:46)
at org.testng.internal.TestInvoker$MethodInvocationAgent.invoke(TestInvoker.java:816)
at org.testng.internal.TestInvoker.invokeTestMethods(TestInvoker.java:146)
at org.testng.internal.TestMethodWorker.invokeTestMethods(TestMethodWorker.java:146)
at org.testng.internal.TestMethodWorker.run(TestMethodWorker.java:128)
at java.util.concurrent.ThreadPoolExecutor.runWorker(ThreadPoolExecutor.java:1149)
at java.util.concurrent.ThreadPoolExecutor$Worker.run(ThreadPoolExecutor.java:624)
at java.lang.Thread.run(Thread.java:748)
]]>
            </full-stacktrace>
          </exception> <!-- java.lang.NullPointerException -->
          <reporter-output>
          </reporter-output>
        </test-method> <!-- verify_status_code -->
        <test-method status="PASS" signature="createNewTask_verify_response_not_null(java.lang.Object)[pri:1, instance:testCases.CreateNewTask_SCN03@2cf3d63b]" name="createNewTask_verify_response_not_null" duration-ms="7402" started-at="2022-10-20T00:46:08 SGT" data-provider="projectData" finished-at="2022-10-20T00:46:15 SGT">
          <params>
            <param index="0">
              <value>
                <![CDATA[{project_id=2300703950, content=NewTask1}]]>
              </value>
            </param>
          </params>
          <reporter-output>
          </reporter-output>
        </test-method> <!-- createNewTask_verify_response_not_null -->
        <test-method status="PASS" signature="createNewTask_verify_response_not_null(java.lang.Object)[pri:1, instance:testCases.CreateNewTask_SCN03@2cf3d63b]" name="createNewTask_verify_response_not_null" duration-ms="4971" started-at="2022-10-20T00:46:15 SGT" data-provider="projectData" finished-at="2022-10-20T00:46:20 SGT">
          <params>
            <param index="0">
              <value>
                <![CDATA[{project_id=2300703951, content=NewTask2}]]>
              </value>
            </param>
          </params>
          <reporter-output>
          </reporter-output>
        </test-method> <!-- createNewTask_verify_response_not_null -->
        <test-method status="PASS" signature="createNewTask_verify_response_not_null(java.lang.Object)[pri:1, instance:testCases.CreateNewTask_SCN03@2cf3d63b]" name="createNewTask_verify_response_not_null" duration-ms="5214" started-at="2022-10-20T00:46:20 SGT" data-provider="projectData" finished-at="2022-10-20T00:46:26 SGT">
          <params>
            <param index="0">
              <value>
                <![CDATA[{project_id=2300703952, content=NewTask3}]]>
              </value>
            </param>
          </params>
          <reporter-output>
          </reporter-output>
        </test-method> <!-- createNewTask_verify_response_not_null -->
        <test-method status="PASS" signature="createNewTask_verify_response_not_null(java.lang.Object)[pri:1, instance:testCases.CreateNewTask_SCN03@2cf3d63b]" name="createNewTask_verify_response_not_null" duration-ms="5087" started-at="2022-10-20T00:46:26 SGT" data-provider="projectData" finished-at="2022-10-20T00:46:31 SGT">
          <params>
            <param index="0">
              <value>
                <![CDATA[{project_id=2300703953, content=NewTask4}]]>
              </value>
            </param>
          </params>
          <reporter-output>
          </reporter-output>
        </test-method> <!-- createNewTask_verify_response_not_null -->
        <test-method status="PASS" signature="tear_dwon()[pri:0, instance:testCases.CreateNewTask_SCN03@2cf3d63b]" name="tear_dwon" is-config="true" duration-ms="1" started-at="2022-10-20T00:46:31 SGT" finished-at="2022-10-20T00:46:31 SGT">
          <reporter-output>
          </reporter-output>
        </test-method> <!-- tear_dwon -->
      </class> <!-- testCases.CreateNewTask_SCN03 -->
      <class name="testCases.GetProjects_SCN01">
        <test-method status="PASS" signature="set_up()[pri:0, instance:testCases.GetProjects_SCN01@7674f035]" name="set_up" is-config="true" duration-ms="575" started-at="2022-10-20T00:46:07 SGT" finished-at="2022-10-20T00:46:08 SGT">
          <reporter-output>
          </reporter-output>
        </test-method> <!-- set_up -->
        <test-method status="PASS" signature="get_project_details()[pri:0, instance:testCases.GetProjects_SCN01@7674f035]" name="get_project_details" is-config="true" duration-ms="7478" started-at="2022-10-20T00:46:08 SGT" finished-at="2022-10-20T00:46:15 SGT">
          <reporter-output>
          </reporter-output>
        </test-method> <!-- get_project_details -->
        <test-method status="PASS" signature="check_header_content_type()[pri:0, instance:testCases.GetProjects_SCN01@7674f035]" name="check_header_content_type" duration-ms="3" started-at="2022-10-20T00:46:15 SGT" finished-at="2022-10-20T00:46:15 SGT">
          <reporter-output>
          </reporter-output>
        </test-method> <!-- check_header_content_type -->
        <test-method status="PASS" signature="check_response_body()[pri:0, instance:testCases.GetProjects_SCN01@7674f035]" name="check_response_body" duration-ms="22" started-at="2022-10-20T00:46:15 SGT" finished-at="2022-10-20T00:46:15 SGT">
          <reporter-output>
          </reporter-output>
        </test-method> <!-- check_response_body -->
        <test-method status="PASS" signature="check_response_time()[pri:0, instance:testCases.GetProjects_SCN01@7674f035]" name="check_response_time" duration-ms="2" started-at="2022-10-20T00:46:15 SGT" finished-at="2022-10-20T00:46:15 SGT">
          <reporter-output>
          </reporter-output>
        </test-method> <!-- check_response_time -->
        <test-method status="PASS" signature="check_status_code()[pri:0, instance:testCases.GetProjects_SCN01@7674f035]" name="check_status_code" duration-ms="1" started-at="2022-10-20T00:46:15 SGT" finished-at="2022-10-20T00:46:15 SGT">
          <reporter-output>
          </reporter-output>
        </test-method> <!-- check_status_code -->
        <test-method status="PASS" signature="check_status_line()[pri:0, instance:testCases.GetProjects_SCN01@7674f035]" name="check_status_line" duration-ms="0" started-at="2022-10-20T00:46:15 SGT" finished-at="2022-10-20T00:46:15 SGT">
          <reporter-output>
          </reporter-output>
        </test-method> <!-- check_status_line -->
        <test-method status="PASS" signature="tear_down()[pri:0, instance:testCases.GetProjects_SCN01@7674f035]" name="tear_down" is-config="true" duration-ms="1" started-at="2022-10-20T00:46:15 SGT" finished-at="2022-10-20T00:46:15 SGT">
          <reporter-output>
          </reporter-output>
        </test-method> <!-- tear_down -->
      </class> <!-- testCases.GetProjects_SCN01 -->
      <class name="testCases.CreateNewProject_SCN02">
        <test-method status="PASS" signature="set_up()[pri:0, instance:testCases.CreateNewProject_SCN02@8f2ef19]" name="set_up" is-config="true" duration-ms="575" started-at="2022-10-20T00:46:07 SGT" finished-at="2022-10-20T00:46:08 SGT">
          <reporter-output>
          </reporter-output>
        </test-method> <!-- set_up -->
        <test-method status="PASS" signature="setup()[pri:0, instance:testCases.CreateNewProject_SCN02@8f2ef19]" name="setup" is-config="true" duration-ms="3" started-at="2022-10-20T00:46:08 SGT" finished-at="2022-10-20T00:46:08 SGT">
          <reporter-output>
          </reporter-output>
        </test-method> <!-- setup -->
        <test-method status="FAIL" signature="verfy_header_connection()[pri:0, instance:testCases.CreateNewProject_SCN02@8f2ef19]" name="verfy_header_connection" duration-ms="11" started-at="2022-10-20T00:46:08 SGT" finished-at="2022-10-20T00:46:08 SGT">
          <exception class="java.lang.NullPointerException">
            <full-stacktrace>
              <![CDATA[java.lang.NullPointerException
at testCases.CreateNewProject_SCN02.verfy_header_connection(CreateNewProject_SCN02.java:87)
at sun.reflect.NativeMethodAccessorImpl.invoke0(Native Method)
at sun.reflect.NativeMethodAccessorImpl.invoke(NativeMethodAccessorImpl.java:62)
at sun.reflect.DelegatingMethodAccessorImpl.invoke(DelegatingMethodAccessorImpl.java:43)
at java.lang.reflect.Method.invoke(Method.java:498)
at org.testng.internal.MethodInvocationHelper.invokeMethod(MethodInvocationHelper.java:134)
at org.testng.internal.TestInvoker.invokeMethod(TestInvoker.java:597)
at org.testng.internal.TestInvoker.invokeTestMethod(TestInvoker.java:173)
at org.testng.internal.MethodRunner.runInSequence(MethodRunner.java:46)
at org.testng.internal.TestInvoker$MethodInvocationAgent.invoke(TestInvoker.java:816)
at org.testng.internal.TestInvoker.invokeTestMethods(TestInvoker.java:146)
at org.testng.internal.TestMethodWorker.invokeTestMethods(TestMethodWorker.java:146)
at org.testng.internal.TestMethodWorker.run(TestMethodWorker.java:128)
at java.util.concurrent.ThreadPoolExecutor.runWorker(ThreadPoolExecutor.java:1149)
at java.util.concurrent.ThreadPoolExecutor$Worker.run(ThreadPoolExecutor.java:624)
at java.lang.Thread.run(Thread.java:748)
]]>
            </full-stacktrace>
          </exception> <!-- java.lang.NullPointerException -->
          <reporter-output>
          </reporter-output>
        </test-method> <!-- verfy_header_connection -->
        <test-method status="FAIL" signature="verfy_header_content_type()[pri:0, instance:testCases.CreateNewProject_SCN02@8f2ef19]" name="verfy_header_content_type" duration-ms="0" started-at="2022-10-20T00:46:08 SGT" finished-at="2022-10-20T00:46:08 SGT">
          <exception class="java.lang.NullPointerException">
            <full-stacktrace>
              <![CDATA[java.lang.NullPointerException
at testCases.CreateNewProject_SCN02.verfy_header_content_type(CreateNewProject_SCN02.java:94)
at sun.reflect.NativeMethodAccessorImpl.invoke0(Native Method)
at sun.reflect.NativeMethodAccessorImpl.invoke(NativeMethodAccessorImpl.java:62)
at sun.reflect.DelegatingMethodAccessorImpl.invoke(DelegatingMethodAccessorImpl.java:43)
at java.lang.reflect.Method.invoke(Method.java:498)
at org.testng.internal.MethodInvocationHelper.invokeMethod(MethodInvocationHelper.java:134)
at org.testng.internal.TestInvoker.invokeMethod(TestInvoker.java:597)
at org.testng.internal.TestInvoker.invokeTestMethod(TestInvoker.java:173)
at org.testng.internal.MethodRunner.runInSequence(MethodRunner.java:46)
at org.testng.internal.TestInvoker$MethodInvocationAgent.invoke(TestInvoker.java:816)
at org.testng.internal.TestInvoker.invokeTestMethods(TestInvoker.java:146)
at org.testng.internal.TestMethodWorker.invokeTestMethods(TestMethodWorker.java:146)
at org.testng.internal.TestMethodWorker.run(TestMethodWorker.java:128)
at java.util.concurrent.ThreadPoolExecutor.runWorker(ThreadPoolExecutor.java:1149)
at java.util.concurrent.ThreadPoolExecutor$Worker.run(ThreadPoolExecutor.java:624)
at java.lang.Thread.run(Thread.java:748)
]]>
            </full-stacktrace>
          </exception> <!-- java.lang.NullPointerException -->
          <reporter-output>
          </reporter-output>
        </test-method> <!-- verfy_header_content_type -->
        <test-method status="FAIL" signature="verify_created_project_name()[pri:0, instance:testCases.CreateNewProject_SCN02@8f2ef19]" name="verify_created_project_name" duration-ms="1" started-at="2022-10-20T00:46:08 SGT" finished-at="2022-10-20T00:46:08 SGT">
          <exception class="java.lang.NullPointerException">
            <full-stacktrace>
              <![CDATA[java.lang.NullPointerException
at testCases.CreateNewProject_SCN02.verify_created_project_name(CreateNewProject_SCN02.java:81)
at sun.reflect.NativeMethodAccessorImpl.invoke0(Native Method)
at sun.reflect.NativeMethodAccessorImpl.invoke(NativeMethodAccessorImpl.java:62)
at sun.reflect.DelegatingMethodAccessorImpl.invoke(DelegatingMethodAccessorImpl.java:43)
at java.lang.reflect.Method.invoke(Method.java:498)
at org.testng.internal.MethodInvocationHelper.invokeMethod(MethodInvocationHelper.java:134)
at org.testng.internal.TestInvoker.invokeMethod(TestInvoker.java:597)
at org.testng.internal.TestInvoker.invokeTestMethod(TestInvoker.java:173)
at org.testng.internal.MethodRunner.runInSequence(MethodRunner.java:46)
at org.testng.internal.TestInvoker$MethodInvocationAgent.invoke(TestInvoker.java:816)
at org.testng.internal.TestInvoker.invokeTestMethods(TestInvoker.java:146)
at org.testng.internal.TestMethodWorker.invokeTestMethods(TestMethodWorker.java:146)
at org.testng.internal.TestMethodWorker.run(TestMethodWorker.java:128)
at java.util.concurrent.ThreadPoolExecutor.runWorker(ThreadPoolExecutor.java:1149)
at java.util.concurrent.ThreadPoolExecutor$Worker.run(ThreadPoolExecutor.java:624)
at java.lang.Thread.run(Thread.java:748)
]]>
            </full-stacktrace>
          </exception> <!-- java.lang.NullPointerException -->
          <reporter-output>
          </reporter-output>
        </test-method> <!-- verify_created_project_name -->
        <test-method status="FAIL" signature="verify_status_code()[pri:0, instance:testCases.CreateNewProject_SCN02@8f2ef19]" name="verify_status_code" duration-ms="0" started-at="2022-10-20T00:46:08 SGT" finished-at="2022-10-20T00:46:08 SGT">
          <exception class="java.lang.NullPointerException">
            <full-stacktrace>
              <![CDATA[java.lang.NullPointerException
at testCases.CreateNewProject_SCN02.verify_status_code(CreateNewProject_SCN02.java:69)
at sun.reflect.NativeMethodAccessorImpl.invoke0(Native Method)
at sun.reflect.NativeMethodAccessorImpl.invoke(NativeMethodAccessorImpl.java:62)
at sun.reflect.DelegatingMethodAccessorImpl.invoke(DelegatingMethodAccessorImpl.java:43)
at java.lang.reflect.Method.invoke(Method.java:498)
at org.testng.internal.MethodInvocationHelper.invokeMethod(MethodInvocationHelper.java:134)
at org.testng.internal.TestInvoker.invokeMethod(TestInvoker.java:597)
at org.testng.internal.TestInvoker.invokeTestMethod(TestInvoker.java:173)
at org.testng.internal.MethodRunner.runInSequence(MethodRunner.java:46)
at org.testng.internal.TestInvoker$MethodInvocationAgent.invoke(TestInvoker.java:816)
at org.testng.internal.TestInvoker.invokeTestMethods(TestInvoker.java:146)
at org.testng.internal.TestMethodWorker.invokeTestMethods(TestMethodWorker.java:146)
at org.testng.internal.TestMethodWorker.run(TestMethodWorker.java:128)
at java.util.concurrent.ThreadPoolExecutor.runWorker(ThreadPoolExecutor.java:1149)
at java.util.concurrent.ThreadPoolExecutor$Worker.run(ThreadPoolExecutor.java:624)
at java.lang.Thread.run(Thread.java:748)
]]>
            </full-stacktrace>
          </exception> <!-- java.lang.NullPointerException -->
          <reporter-output>
          </reporter-output>
        </test-method> <!-- verify_status_code -->
        <test-method status="PASS" signature="createNewProject_Verify_response_not_null(java.lang.Object)[pri:1, instance:testCases.CreateNewProject_SCN02@8f2ef19]" name="createNewProject_Verify_response_not_null" duration-ms="7933" started-at="2022-10-20T00:46:08 SGT" data-provider="projectData" finished-at="2022-10-20T00:46:16 SGT">
          <params>
            <param index="0">
              <value>
                <![CDATA[{=, name=projectname1}]]>
              </value>
            </param>
          </params>
          <reporter-output>
          </reporter-output>
        </test-method> <!-- createNewProject_Verify_response_not_null -->
        <test-method status="PASS" signature="createNewProject_Verify_response_not_null(java.lang.Object)[pri:1, instance:testCases.CreateNewProject_SCN02@8f2ef19]" name="createNewProject_Verify_response_not_null" duration-ms="5889" started-at="2022-10-20T00:46:16 SGT" data-provider="projectData" finished-at="2022-10-20T00:46:22 SGT">
          <params>
            <param index="0">
              <value>
                <![CDATA[{=, name=projectname2}]]>
              </value>
            </param>
          </params>
          <reporter-output>
          </reporter-output>
        </test-method> <!-- createNewProject_Verify_response_not_null -->
        <test-method status="PASS" signature="createNewProject_Verify_response_not_null(java.lang.Object)[pri:1, instance:testCases.CreateNewProject_SCN02@8f2ef19]" name="createNewProject_Verify_response_not_null" duration-ms="4990" started-at="2022-10-20T00:46:22 SGT" data-provider="projectData" finished-at="2022-10-20T00:46:27 SGT">
          <params>
            <param index="0">
              <value>
                <![CDATA[{=, name=projectname3}]]>
              </value>
            </param>
          </params>
          <reporter-output>
          </reporter-output>
        </test-method> <!-- createNewProject_Verify_response_not_null -->
        <test-method status="PASS" signature="createNewProject_Verify_response_not_null(java.lang.Object)[pri:1, instance:testCases.CreateNewProject_SCN02@8f2ef19]" name="createNewProject_Verify_response_not_null" duration-ms="5133" started-at="2022-10-20T00:46:27 SGT" data-provider="projectData" finished-at="2022-10-20T00:46:32 SGT">
          <params>
            <param index="0">
              <value>
                <![CDATA[{=, name=projectname4}]]>
              </value>
            </param>
          </params>
          <reporter-output>
          </reporter-output>
        </test-method> <!-- createNewProject_Verify_response_not_null -->
        <test-method status="PASS" signature="tear_dwon()[pri:0, instance:testCases.CreateNewProject_SCN02@8f2ef19]" name="tear_dwon" is-config="true" duration-ms="1" started-at="2022-10-20T00:46:32 SGT" finished-at="2022-10-20T00:46:32 SGT">
          <reporter-output>
          </reporter-output>
        </test-method> <!-- tear_dwon -->
      </class> <!-- testCases.CreateNewProject_SCN02 -->
      <class name="testCases.UpdateTaskContent_SCN04">
        <test-method status="PASS" signature="set_up()[pri:0, instance:testCases.UpdateTaskContent_SCN04@470734c3]" name="set_up" is-config="true" duration-ms="575" started-at="2022-10-20T00:46:07 SGT" finished-at="2022-10-20T00:46:08 SGT">
          <reporter-output>
          </reporter-output>
        </test-method> <!-- set_up -->
        <test-method status="PASS" signature="setup()[pri:0, instance:testCases.UpdateTaskContent_SCN04@470734c3]" name="setup" is-config="true" duration-ms="4" started-at="2022-10-20T00:46:08 SGT" finished-at="2022-10-20T00:46:08 SGT">
          <reporter-output>
          </reporter-output>
        </test-method> <!-- setup -->
        <test-method status="FAIL" signature="verfy_header_connection()[pri:0, instance:testCases.UpdateTaskContent_SCN04@470734c3]" name="verfy_header_connection" duration-ms="11" started-at="2022-10-20T00:46:08 SGT" finished-at="2022-10-20T00:46:08 SGT">
          <exception class="java.lang.NullPointerException">
            <full-stacktrace>
              <![CDATA[java.lang.NullPointerException
at testCases.UpdateTaskContent_SCN04.verfy_header_connection(UpdateTaskContent_SCN04.java:80)
at sun.reflect.NativeMethodAccessorImpl.invoke0(Native Method)
at sun.reflect.NativeMethodAccessorImpl.invoke(NativeMethodAccessorImpl.java:62)
at sun.reflect.DelegatingMethodAccessorImpl.invoke(DelegatingMethodAccessorImpl.java:43)
at java.lang.reflect.Method.invoke(Method.java:498)
at org.testng.internal.MethodInvocationHelper.invokeMethod(MethodInvocationHelper.java:134)
at org.testng.internal.TestInvoker.invokeMethod(TestInvoker.java:597)
at org.testng.internal.TestInvoker.invokeTestMethod(TestInvoker.java:173)
at org.testng.internal.MethodRunner.runInSequence(MethodRunner.java:46)
at org.testng.internal.TestInvoker$MethodInvocationAgent.invoke(TestInvoker.java:816)
at org.testng.internal.TestInvoker.invokeTestMethods(TestInvoker.java:146)
at org.testng.internal.TestMethodWorker.invokeTestMethods(TestMethodWorker.java:146)
at org.testng.internal.TestMethodWorker.run(TestMethodWorker.java:128)
at java.util.concurrent.ThreadPoolExecutor.runWorker(ThreadPoolExecutor.java:1149)
at java.util.concurrent.ThreadPoolExecutor$Worker.run(ThreadPoolExecutor.java:624)
at java.lang.Thread.run(Thread.java:748)
]]>
            </full-stacktrace>
          </exception> <!-- java.lang.NullPointerException -->
          <reporter-output>
          </reporter-output>
        </test-method> <!-- verfy_header_connection -->
        <test-method status="FAIL" signature="verfy_header_content_type()[pri:0, instance:testCases.UpdateTaskContent_SCN04@470734c3]" name="verfy_header_content_type" duration-ms="0" started-at="2022-10-20T00:46:08 SGT" finished-at="2022-10-20T00:46:08 SGT">
          <exception class="java.lang.NullPointerException">
            <full-stacktrace>
              <![CDATA[java.lang.NullPointerException
at testCases.UpdateTaskContent_SCN04.verfy_header_content_type(UpdateTaskContent_SCN04.java:87)
at sun.reflect.NativeMethodAccessorImpl.invoke0(Native Method)
at sun.reflect.NativeMethodAccessorImpl.invoke(NativeMethodAccessorImpl.java:62)
at sun.reflect.DelegatingMethodAccessorImpl.invoke(DelegatingMethodAccessorImpl.java:43)
at java.lang.reflect.Method.invoke(Method.java:498)
at org.testng.internal.MethodInvocationHelper.invokeMethod(MethodInvocationHelper.java:134)
at org.testng.internal.TestInvoker.invokeMethod(TestInvoker.java:597)
at org.testng.internal.TestInvoker.invokeTestMethod(TestInvoker.java:173)
at org.testng.internal.MethodRunner.runInSequence(MethodRunner.java:46)
at org.testng.internal.TestInvoker$MethodInvocationAgent.invoke(TestInvoker.java:816)
at org.testng.internal.TestInvoker.invokeTestMethods(TestInvoker.java:146)
at org.testng.internal.TestMethodWorker.invokeTestMethods(TestMethodWorker.java:146)
at org.testng.internal.TestMethodWorker.run(TestMethodWorker.java:128)
at java.util.concurrent.ThreadPoolExecutor.runWorker(ThreadPoolExecutor.java:1149)
at java.util.concurrent.ThreadPoolExecutor$Worker.run(ThreadPoolExecutor.java:624)
at java.lang.Thread.run(Thread.java:748)
]]>
            </full-stacktrace>
          </exception> <!-- java.lang.NullPointerException -->
          <reporter-output>
          </reporter-output>
        </test-method> <!-- verfy_header_content_type -->
        <test-method status="FAIL" signature="verify_status_code()[pri:0, instance:testCases.UpdateTaskContent_SCN04@470734c3]" name="verify_status_code" duration-ms="0" started-at="2022-10-20T00:46:08 SGT" finished-at="2022-10-20T00:46:08 SGT">
          <exception class="java.lang.NullPointerException">
            <full-stacktrace>
              <![CDATA[java.lang.NullPointerException
at testCases.UpdateTaskContent_SCN04.verify_status_code(UpdateTaskContent_SCN04.java:68)
at sun.reflect.NativeMethodAccessorImpl.invoke0(Native Method)
at sun.reflect.NativeMethodAccessorImpl.invoke(NativeMethodAccessorImpl.java:62)
at sun.reflect.DelegatingMethodAccessorImpl.invoke(DelegatingMethodAccessorImpl.java:43)
at java.lang.reflect.Method.invoke(Method.java:498)
at org.testng.internal.MethodInvocationHelper.invokeMethod(MethodInvocationHelper.java:134)
at org.testng.internal.TestInvoker.invokeMethod(TestInvoker.java:597)
at org.testng.internal.TestInvoker.invokeTestMethod(TestInvoker.java:173)
at org.testng.internal.MethodRunner.runInSequence(MethodRunner.java:46)
at org.testng.internal.TestInvoker$MethodInvocationAgent.invoke(TestInvoker.java:816)
at org.testng.internal.TestInvoker.invokeTestMethods(TestInvoker.java:146)
at org.testng.internal.TestMethodWorker.invokeTestMethods(TestMethodWorker.java:146)
at org.testng.internal.TestMethodWorker.run(TestMethodWorker.java:128)
at java.util.concurrent.ThreadPoolExecutor.runWorker(ThreadPoolExecutor.java:1149)
at java.util.concurrent.ThreadPoolExecutor$Worker.run(ThreadPoolExecutor.java:624)
at java.lang.Thread.run(Thread.java:748)
]]>
            </full-stacktrace>
          </exception> <!-- java.lang.NullPointerException -->
          <reporter-output>
          </reporter-output>
        </test-method> <!-- verify_status_code -->
        <test-method status="PASS" signature="updateTaskContent_verify_response_not_null(java.lang.Object)[pri:1, instance:testCases.UpdateTaskContent_SCN04@470734c3]" name="updateTaskContent_verify_response_not_null" duration-ms="7402" started-at="2022-10-20T00:46:08 SGT" data-provider="projectData" finished-at="2022-10-20T00:46:15 SGT">
          <params>
            <param index="0">
              <value>
                <![CDATA[{project_id=2300703950, due_string=tomorrow}]]>
              </value>
            </param>
          </params>
          <reporter-output>
          </reporter-output>
        </test-method> <!-- updateTaskContent_verify_response_not_null -->
        <test-method status="PASS" signature="updateTaskContent_verify_response_not_null(java.lang.Object)[pri:1, instance:testCases.UpdateTaskContent_SCN04@470734c3]" name="updateTaskContent_verify_response_not_null" duration-ms="4939" started-at="2022-10-20T00:46:15 SGT" data-provider="projectData" finished-at="2022-10-20T00:46:20 SGT">
          <params>
            <param index="0">
              <value>
                <![CDATA[{project_id=2300703951, due_string=DayAfterTomo}]]>
              </value>
            </param>
          </params>
          <reporter-output>
          </reporter-output>
        </test-method> <!-- updateTaskContent_verify_response_not_null -->
        <test-method status="PASS" signature="updateTaskContent_verify_response_not_null(java.lang.Object)[pri:1, instance:testCases.UpdateTaskContent_SCN04@470734c3]" name="updateTaskContent_verify_response_not_null" duration-ms="5198" started-at="2022-10-20T00:46:20 SGT" data-provider="projectData" finished-at="2022-10-20T00:46:26 SGT">
          <params>
            <param index="0">
              <value>
                <![CDATA[{project_id=2300703952, due_string=NextWeek}]]>
              </value>
            </param>
          </params>
          <reporter-output>
          </reporter-output>
        </test-method> <!-- updateTaskContent_verify_response_not_null -->
        <test-method status="PASS" signature="updateTaskContent_verify_response_not_null(java.lang.Object)[pri:1, instance:testCases.UpdateTaskContent_SCN04@470734c3]" name="updateTaskContent_verify_response_not_null" duration-ms="5119" started-at="2022-10-20T00:46:26 SGT" data-provider="projectData" finished-at="2022-10-20T00:46:31 SGT">
          <params>
            <param index="0">
              <value>
                <![CDATA[{project_id=2300703953, due_string=Nextmonth}]]>
              </value>
            </param>
          </params>
          <reporter-output>
          </reporter-output>
        </test-method> <!-- updateTaskContent_verify_response_not_null -->
        <test-method status="PASS" signature="tear_down()[pri:0, instance:testCases.UpdateTaskContent_SCN04@470734c3]" name="tear_down" is-config="true" duration-ms="1" started-at="2022-10-20T00:46:31 SGT" finished-at="2022-10-20T00:46:31 SGT">
          <reporter-output>
          </reporter-output>
        </test-method> <!-- tear_down -->
      </class> <!-- testCases.UpdateTaskContent_SCN04 -->
    </test> <!-- Test -->
  </suite> <!-- Suite -->
</testng-results>
