<?xml version="1.0" encoding="UTF-8"?>
<testsuite xmlns:xsi="http://www.w3.org/2001/XMLSchema-instance" xsi:noNamespaceSchemaLocation="https://maven.apache.org/surefire/maven-surefire-plugin/xsd/surefire-test-report.xsd" name="TestSuite" time="27.672" tests="29" errors="0" skipped="0" failures="12">
  <properties>
[...]
</properties>
  <testcase name="verfy_header_connection" classname="testCases.UpdateTaskContent_SCN04" time="0.022">
    <failure type="java.lang.NullPointerException">java.lang.NullPointerException
	at testCases.UpdateTaskContent_SCN04.verfy_header_connection(UpdateTaskContent_SCN04.java:80)
</failure>
    <system-out><![CDATA[10-20-2022 00:46:08 CreateNewProject_SCN02.java INFO  [TestNG-test=Test-2] todoistAPI 31 - *** SCN02 Started *******
10-20-2022 00:46:08 CreateNewTask_SCN03.java INFO  [TestNG-test=Test-4] todoistAPI 30 - *** SCN03 Started *******
10-20-2022 00:46:08 UpdateTaskContent_SCN04.java INFO  [TestNG-test=Test-3] todoistAPI 31 - *** SCN04 Started *******
10-20-2022 00:46:08 GetProjects_SCN01.java INFO  [TestNG-test=Test-1] todoistAPI 23 - *** SCN01 started *******
10-20-2022 00:46:08 GetProjects_SCN01.java INFO  [TestNG-test=Test-1] todoistAPI 25 - *** started getting project details***
]]></system-out>
    <system-err><![CDATA[ERROR StatusLogger Log4j2 could not find a logging implementation. Please add log4j-core to the classpath. Using SimpleLogger to log to the console...
]]></system-err>
  </testcase>
  <testcase name="verfy_header_connection" classname="testCases.CreateNewTask_SCN03" time="0.023">
    <failure type="java.lang.NullPointerException">java.lang.NullPointerException
	at testCases.CreateNewTask_SCN03.verfy_header_connection(CreateNewTask_SCN03.java:95)
</failure>
  </testcase>
  <testcase name="verfy_header_connection" classname="testCases.CreateNewProject_SCN02" time="0.023">
    <failure type="java.lang.NullPointerException">java.lang.NullPointerException
	at testCases.CreateNewProject_SCN02.verfy_header_connection(CreateNewProject_SCN02.java:87)
</failure>
  </testcase>
  <testcase name="verfy_header_content_type" classname="testCases.CreateNewProject_SCN02" time="0">
    <failure type="java.lang.NullPointerException">java.lang.NullPointerException
	at testCases.CreateNewProject_SCN02.verfy_header_content_type(CreateNewProject_SCN02.java:94)
</failure>
  </testcase>
  <testcase name="verfy_header_content_type" classname="testCases.CreateNewTask_SCN03" time="0.001">
    <failure type="java.lang.NullPointerException">java.lang.NullPointerException
	at testCases.CreateNewTask_SCN03.verfy_header_content_type(CreateNewTask_SCN03.java:102)
</failure>
  </testcase>
  <testcase name="verfy_header_content_type" classname="testCases.UpdateTaskContent_SCN04" time="0.001">
    <failure type="java.lang.NullPointerException">java.lang.NullPointerException
	at testCases.UpdateTaskContent_SCN04.verfy_header_content_type(UpdateTaskContent_SCN04.java:87)
</failure>
  </testcase>
  <testcase name="verify_status_code" classname="testCases.UpdateTaskContent_SCN04" time="0.003">
    <failure type="java.lang.NullPointerException">java.lang.NullPointerException
	at testCases.UpdateTaskContent_SCN04.verify_status_code(UpdateTaskContent_SCN04.java:68)
</failure>
  </testcase>
  <testcase name="verify_created_task_name" classname="testCases.CreateNewTask_SCN03" time="0.003">
    <failure type="java.lang.NullPointerException">java.lang.NullPointerException
	at testCases.CreateNewTask_SCN03.verify_created_task_name(CreateNewTask_SCN03.java:82)
</failure>
  </testcase>
  <testcase name="verify_created_project_name" classname="testCases.CreateNewProject_SCN02" time="0.005">
    <failure type="java.lang.NullPointerException">java.lang.NullPointerException
	at testCases.CreateNewProject_SCN02.verify_created_project_name(CreateNewProject_SCN02.java:81)
</failure>
  </testcase>
  <testcase name="verify_status_code" classname="testCases.CreateNewProject_SCN02" time="0.002">
    <failure type="java.lang.NullPointerException">java.lang.NullPointerException
	at testCases.CreateNewProject_SCN02.verify_status_code(CreateNewProject_SCN02.java:69)
</failure>
  </testcase>
  <testcase name="verify_project_id_for_task" classname="testCases.CreateNewTask_SCN03" time="0.001">
    <failure type="java.lang.NullPointerException">java.lang.NullPointerException
	at testCases.CreateNewTask_SCN03.verify_project_id_for_task(CreateNewTask_SCN03.java:88)
</failure>
  </testcase>
  <testcase name="verify_status_code" classname="testCases.CreateNewTask_SCN03" time="0.002">
    <failure type="java.lang.NullPointerException">java.lang.NullPointerException
	at testCases.CreateNewTask_SCN03.verify_status_code(CreateNewTask_SCN03.java:70)
</failure>
  </testcase>
  <testcase name="check_header_content_type" classname="testCases.GetProjects_SCN01" time="0.003"/>
  <testcase name="updateTaskContent_verify_response_not_null" classname="testCases.UpdateTaskContent_SCN04" time="0.003"/>
  <testcase name="updateTaskContent_verify_response_not_null" classname="testCases.UpdateTaskContent_SCN04" time="4.408"/>
  <testcase name="updateTaskContent_verify_response_not_null" classname="testCases.UpdateTaskContent_SCN04" time="3.718"/>
  <testcase name="updateTaskContent_verify_response_not_null" classname="testCases.UpdateTaskContent_SCN04" time="3.847"/>
  <testcase name="createNewTask_verify_response_not_null" classname="testCases.CreateNewTask_SCN03" time="0.004"/>
  <testcase name="createNewTask_verify_response_not_null" classname="testCases.CreateNewTask_SCN03" time="0.031"/>
  <testcase name="createNewTask_verify_response_not_null" classname="testCases.CreateNewTask_SCN03" time="0.048"/>
  <testcase name="createNewTask_verify_response_not_null" classname="testCases.CreateNewTask_SCN03" time="3.864"/>
  <testcase name="check_response_body" classname="testCases.GetProjects_SCN01" time="0.023"/>
  <testcase name="check_response_time" classname="testCases.GetProjects_SCN01" time="0.003"/>
  <testcase name="check_status_code" classname="testCases.GetProjects_SCN01" time="0.007"/>
  <testcase name="check_status_line" classname="testCases.GetProjects_SCN01" time="0.001"/>
  <testcase name="createNewProject_Verify_response_not_null" classname="testCases.CreateNewProject_SCN02" time="0.495"/>
  <testcase name="createNewProject_Verify_response_not_null" classname="testCases.CreateNewProject_SCN02" time="1.448"/>
  <testcase name="createNewProject_Verify_response_not_null" classname="testCases.CreateNewProject_SCN02" time="1.224"/>
  <testcase name="createNewProject_Verify_response_not_null" classname="testCases.CreateNewProject_SCN02" time="5.133"/>
</testsuite>