<?xml version="1.0" encoding="UTF-8"?>
<!-- Generated by org.testng.reporters.JUnitReportReporter -->
<testsuite skipped="0" hostname="DESKTOP-R8LNRUV" name="testCases.GetProjects_SCN01" tests="5" failures="0" timestamp="2022-10-20T00:46:33 SGT" time="0.028" errors="0">
  <testcase name="check_response_body" time="0.022" classname="testCases.GetProjects_SCN01"/>
  <system-out/>
  <testcase name="check_header_content_type" time="0.003" classname="testCases.GetProjects_SCN01"/>
  <system-out/>
  <testcase name="check_status_code" time="0.001" classname="testCases.GetProjects_SCN01"/>
  <system-out/>
  <testcase name="check_status_line" time="0.000" classname="testCases.GetProjects_SCN01"/>
  <system-out/>
  <testcase name="check_response_time" time="0.002" classname="testCases.GetProjects_SCN01"/>
  <system-out/>
</testsuite> <!-- testCases.GetProjects_SCN01 -->
